2023-08-30 15:23:48 INFO Grid search for random forest baseline. New reader split.
Started at 2023-08-30 15:23:48.739336
2023-08-30 15:23:48 INFO Grid search parameters: {'n_estimators': [50, 100, 300, 400, 500, 700, 900, 1000, 1200], 'max_features': ['sqrt', 'log2', None], 'max_depth': [2, 4, 8, 16, 32, 64, None], 'criterion': ['entropy', 'gini', 'log_loss'], 'random_state': [21], 'n_jobs': [-1]}
2023-08-30 15:23:48 INFO Outer fold 1
2023-08-30 15:23:48 INFO Outer train reader-ids: [1, 2, 3, 4, 6, 7, 8, 10, 13, 14, 15, 16, 18, 19, 20, 22, 23, 31, 32, 34, 36, 37, 38, 39, 41, 60, 61, 62, 64, 65, 66, 67, 69, 70, 71, 72, 74, 75, 76, 77, 79, 80, 81, 82, 84, 85, 87, 90, 91, 92, 94, 95, 96, 97, 99, 100, 101, 102, 103, 105]
2023-08-30 15:23:48 INFO Outer test reader-ids: [0, 5, 12, 17, 30, 35, 40, 63, 68, 73, 78, 83, 93, 98, 104]
2023-08-30 15:23:48 INFO Inner fold 1
2023-08-30 15:23:48 INFO Inner train reader-ids: [2, 3, 4, 6, 8, 10, 13, 14, 16, 18, 19, 20, 23, 31, 32, 34, 36, 38, 39, 41, 60, 62, 64, 65, 67, 69, 70, 71, 74, 75, 76, 77, 80, 81, 82, 84, 87, 90, 91, 92, 95, 96, 97, 99, 101, 102, 103, 105]
2023-08-30 15:23:48 INFO Inner test reader-ids: [1, 7, 15, 22, 37, 61, 66, 72, 79, 85, 94, 100]
2023-08-30 15:23:48 INFO Inner fold 2
2023-08-30 15:23:48 INFO Inner train reader-ids: [1, 2, 4, 6, 7, 10, 13, 14, 15, 18, 19, 20, 22, 31, 32, 34, 37, 38, 39, 41, 60, 61, 62, 64, 66, 67, 69, 70, 72, 74, 75, 76, 79, 80, 81, 82, 85, 87, 91, 92, 94, 96, 97, 99, 100, 102, 103, 105]
2023-08-30 15:23:48 INFO Inner test reader-ids: [3, 8, 16, 23, 36, 65, 71, 77, 84, 90, 95, 101]
2023-08-30 15:23:48 INFO Inner fold 3
2023-08-30 15:23:48 INFO Inner train reader-ids: [1, 2, 3, 4, 7, 8, 13, 14, 15, 16, 19, 20, 22, 23, 32, 34, 36, 37, 39, 41, 61, 62, 64, 65, 66, 69, 70, 71, 72, 75, 76, 77, 79, 81, 82, 84, 85, 90, 91, 92, 94, 95, 97, 99, 100, 101, 103, 105]
2023-08-30 15:23:48 INFO Inner test reader-ids: [6, 10, 18, 31, 38, 60, 67, 74, 80, 87, 96, 102]
2023-08-30 15:23:48 INFO Inner fold 4
2023-08-30 15:23:48 INFO Inner train reader-ids: [1, 2, 3, 6, 7, 8, 10, 14, 15, 16, 18, 20, 22, 23, 31, 34, 36, 37, 38, 41, 60, 61, 64, 65, 66, 67, 70, 71, 72, 74, 76, 77, 79, 80, 82, 84, 85, 87, 90, 92, 94, 95, 96, 99, 100, 101, 102, 105]
2023-08-30 15:23:48 INFO Inner test reader-ids: [4, 13, 19, 32, 39, 62, 69, 75, 81, 91, 97, 103]
2023-08-30 15:23:48 INFO Inner fold 5
2023-08-30 15:23:48 INFO Inner train reader-ids: [1, 3, 4, 6, 7, 8, 10, 13, 15, 16, 18, 19, 22, 23, 31, 32, 36, 37, 38, 39, 60, 61, 62, 65, 66, 67, 69, 71, 72, 74, 75, 77, 79, 80, 81, 84, 85, 87, 90, 91, 94, 95, 96, 97, 100, 101, 102, 103]
2023-08-30 15:23:48 INFO Inner test reader-ids: [2, 14, 20, 34, 41, 64, 70, 76, 82, 92, 99, 105]
2023-08-30 18:34:18 INFO Best score on outer fold 1: 0.5431473214285714
2023-08-30 18:34:18 INFO Best parameters on fold 1: {'criterion': 'gini', 'max_depth': 32, 'max_features': None, 'n_estimators': 700, 'n_jobs': -1, 'random_state': 21}
2023-08-30 18:34:18 INFO CV results on outer fold 1 for best model {'criterion': 'gini', 'max_depth': 32, 'max_features': None, 'n_estimators': 700, 'n_jobs': -1, 'random_state': 21}
2023-08-30 18:34:18 INFO New best score!
2023-08-30 18:34:25 INFO Best parameters 1: {'criterion': 'gini', 'max_depth': 32, 'max_features': None, 'n_estimators': 700, 'n_jobs': -1, 'random_state': 21}
2023-08-30 18:34:25 INFO Test AUC-ROC on fold 1 with best hparams: 0.5277777777777778
2023-08-30 18:34:25 INFO Outer fold 2
2023-08-30 18:34:25 INFO Outer train reader-ids: [0, 2, 3, 4, 5, 7, 8, 10, 12, 14, 15, 16, 17, 19, 20, 22, 23, 30, 32, 34, 35, 36, 38, 39, 40, 41, 61, 62, 63, 64, 66, 67, 68, 69, 71, 72, 73, 74, 76, 77, 78, 79, 81, 82, 83, 84, 87, 90, 92, 93, 94, 95, 97, 98, 99, 100, 102, 103, 104, 105]
2023-08-30 18:34:25 INFO Outer test reader-ids: [1, 6, 13, 18, 31, 37, 60, 65, 70, 75, 80, 85, 91, 96, 101]
2023-08-30 18:34:25 INFO Inner fold 1
2023-08-30 18:34:25 INFO Inner train reader-ids: [2, 3, 4, 5, 8, 10, 12, 14, 16, 17, 19, 20, 23, 30, 32, 34, 35, 38, 39, 40, 41, 61, 63, 64, 66, 68, 69, 71, 73, 74, 76, 77, 79, 81, 82, 83, 87, 90, 92, 93, 95, 97, 98, 99, 102, 103, 104, 105]
2023-08-30 18:34:25 INFO Inner test reader-ids: [0, 7, 15, 22, 36, 62, 67, 72, 78, 84, 94, 100]
2023-08-30 18:34:25 INFO Inner fold 2
2023-08-30 18:34:25 INFO Inner train reader-ids: [0, 2, 4, 5, 7, 8, 12, 14, 15, 16, 19, 20, 22, 30, 32, 34, 36, 38, 39, 40, 61, 62, 63, 64, 66, 67, 69, 71, 72, 73, 76, 77, 78, 79, 82, 83, 84, 90, 92, 93, 94, 97, 98, 99, 100, 103, 104, 105]
2023-08-30 18:34:25 INFO Inner test reader-ids: [3, 10, 17, 23, 35, 41, 68, 74, 81, 87, 95, 102]
2023-08-30 18:34:25 INFO Inner fold 3
2023-08-30 18:34:25 INFO Inner train reader-ids: [0, 3, 4, 5, 7, 10, 12, 14, 15, 17, 19, 20, 22, 23, 32, 34, 35, 36, 39, 40, 41, 62, 63, 64, 66, 67, 68, 71, 72, 74, 76, 77, 78, 81, 82, 83, 84, 87, 92, 93, 94, 95, 98, 99, 100, 102, 104, 105]
2023-08-30 18:34:25 INFO Inner test reader-ids: [2, 8, 16, 30, 38, 61, 69, 73, 79, 90, 97, 103]
2023-08-30 18:34:25 INFO Inner fold 4
2023-08-30 18:34:25 INFO Inner train reader-ids: [0, 2, 3, 5, 7, 8, 10, 14, 15, 16, 17, 20, 22, 23, 30, 34, 35, 36, 38, 40, 41, 61, 62, 64, 67, 68, 69, 71, 72, 73, 74, 77, 78, 79, 81, 83, 84, 87, 90, 93, 94, 95, 97, 99, 100, 102, 103, 105]
2023-08-30 18:34:25 INFO Inner test reader-ids: [4, 12, 19, 32, 39, 63, 66, 76, 82, 92, 98, 104]
2023-08-30 18:34:25 INFO Inner fold 5
2023-08-30 18:34:25 INFO Inner train reader-ids: [0, 2, 3, 4, 7, 8, 10, 12, 15, 16, 17, 19, 22, 23, 30, 32, 35, 36, 38, 39, 41, 61, 62, 63, 66, 67, 68, 69, 72, 73, 74, 76, 78, 79, 81, 82, 84, 87, 90, 92, 94, 95, 97, 98, 100, 102, 103, 104]
2023-08-30 18:34:25 INFO Inner test reader-ids: [5, 14, 20, 34, 40, 64, 71, 77, 83, 93, 99, 105]
2023-08-30 20:52:00 INFO Best score on outer fold 2: 0.47555989583333325
2023-08-30 20:52:00 INFO Best parameters on fold 2: {'criterion': 'entropy', 'max_depth': 16, 'max_features': None, 'n_estimators': 100, 'n_jobs': -1, 'random_state': 21}
2023-08-30 20:52:00 INFO CV results on outer fold 2 for best model {'criterion': 'entropy', 'max_depth': 16, 'max_features': None, 'n_estimators': 100, 'n_jobs': -1, 'random_state': 21}
2023-08-30 20:52:08 INFO Best parameters 2: {'criterion': 'gini', 'max_depth': 32, 'max_features': None, 'n_estimators': 700, 'n_jobs': -1, 'random_state': 21}
2023-08-30 20:52:08 INFO Test AUC-ROC on fold 2 with best hparams: 0.5958333333333333
2023-08-30 20:52:08 INFO Outer fold 3
2023-08-30 20:52:08 INFO Outer train reader-ids: [0, 1, 3, 4, 5, 6, 8, 10, 12, 13, 15, 16, 17, 18, 20, 22, 23, 30, 31, 34, 35, 36, 37, 39, 40, 41, 60, 62, 63, 64, 65, 66, 68, 69, 70, 72, 73, 74, 75, 77, 78, 79, 80, 82, 83, 84, 85, 90, 91, 93, 94, 95, 96, 98, 99, 100, 101, 103, 104, 105]
2023-08-30 20:52:08 INFO Outer test reader-ids: [2, 7, 14, 19, 32, 38, 61, 67, 71, 76, 81, 87, 92, 97, 102]
2023-08-30 20:52:08 INFO Inner fold 1
2023-08-30 20:52:08 INFO Inner train reader-ids: [1, 3, 4, 5, 8, 10, 12, 13, 16, 17, 18, 20, 23, 30, 31, 34, 35, 37, 39, 40, 41, 60, 63, 64, 65, 68, 69, 70, 73, 74, 75, 77, 79, 80, 82, 83, 85, 90, 91, 93, 95, 96, 98, 99, 101, 103, 104, 105]
2023-08-30 20:52:08 INFO Inner test reader-ids: [0, 6, 15, 22, 36, 62, 66, 72, 78, 84, 94, 100]
2023-08-30 20:52:08 INFO Inner fold 2
2023-08-30 20:52:08 INFO Inner train reader-ids: [0, 1, 4, 5, 6, 8, 12, 13, 15, 16, 18, 20, 22, 30, 31, 34, 36, 37, 39, 40, 60, 62, 63, 64, 65, 66, 69, 70, 72, 73, 75, 77, 78, 79, 82, 83, 84, 90, 91, 93, 94, 96, 98, 99, 100, 103, 104, 105]
2023-08-30 20:52:08 INFO Inner test reader-ids: [3, 10, 17, 23, 35, 41, 68, 74, 80, 85, 95, 101]
2023-08-30 20:52:08 INFO Inner fold 3
2023-08-30 20:52:08 INFO Inner train reader-ids: [0, 3, 4, 5, 6, 10, 12, 13, 15, 17, 18, 20, 22, 23, 31, 34, 35, 36, 39, 40, 41, 62, 63, 64, 65, 66, 68, 70, 72, 74, 75, 77, 78, 80, 82, 83, 84, 85, 91, 93, 94, 95, 98, 99, 100, 101, 104, 105]
2023-08-30 20:52:08 INFO Inner test reader-ids: [1, 8, 16, 30, 37, 60, 69, 73, 79, 90, 96, 103]
2023-08-30 20:52:08 INFO Inner fold 4
2023-08-30 20:52:08 INFO Inner train reader-ids: [0, 1, 3, 5, 6, 8, 10, 13, 15, 16, 17, 20, 22, 23, 30, 34, 35, 36, 37, 40, 41, 60, 62, 64, 66, 68, 69, 70, 72, 73, 74, 77, 78, 79, 80, 83, 84, 85, 90, 93, 94, 95, 96, 99, 100, 101, 103, 105]
2023-08-30 20:52:08 INFO Inner test reader-ids: [4, 12, 18, 31, 39, 63, 65, 75, 82, 91, 98, 104]
2023-08-30 20:52:08 INFO Inner fold 5
2023-08-30 20:52:08 INFO Inner train reader-ids: [0, 1, 3, 4, 6, 8, 10, 12, 15, 16, 17, 18, 22, 23, 30, 31, 35, 36, 37, 39, 41, 60, 62, 63, 65, 66, 68, 69, 72, 73, 74, 75, 78, 79, 80, 82, 84, 85, 90, 91, 94, 95, 96, 98, 100, 101, 103, 104]
2023-08-30 20:52:08 INFO Inner test reader-ids: [5, 13, 20, 34, 40, 64, 70, 77, 83, 93, 99, 105]
2023-08-30 22:22:04 INFO Best score on outer fold 3: 0.5207316468253967
2023-08-30 22:22:04 INFO Best parameters on fold 3: {'criterion': 'gini', 'max_depth': 2, 'max_features': None, 'n_estimators': 100, 'n_jobs': -1, 'random_state': 21}
2023-08-30 22:22:04 INFO CV results on outer fold 3 for best model {'criterion': 'gini', 'max_depth': 2, 'max_features': None, 'n_estimators': 100, 'n_jobs': -1, 'random_state': 21}
2023-08-30 22:22:11 INFO Best parameters 3: {'criterion': 'gini', 'max_depth': 32, 'max_features': None, 'n_estimators': 700, 'n_jobs': -1, 'random_state': 21}
2023-08-30 22:22:11 INFO Test AUC-ROC on fold 3 with best hparams: 0.5416666666666667
2023-08-30 22:22:11 INFO Outer fold 4
2023-08-30 22:22:11 INFO Outer train reader-ids: [0, 1, 2, 4, 5, 6, 7, 10, 12, 13, 14, 16, 17, 18, 19, 22, 23, 30, 31, 32, 35, 37, 38, 39, 40, 60, 61, 62, 63, 65, 66, 67, 68, 70, 71, 72, 73, 75, 76, 77, 78, 80, 81, 82, 83, 85, 87, 90, 91, 92, 93, 95, 96, 97, 98, 100, 101, 102, 104, 105]
2023-08-30 22:22:11 INFO Outer test reader-ids: [3, 8, 15, 20, 34, 36, 41, 64, 69, 74, 79, 84, 94, 99, 103]
2023-08-30 22:22:11 INFO Inner fold 1
2023-08-30 22:22:11 INFO Inner train reader-ids: [1, 2, 4, 5, 7, 10, 12, 13, 16, 17, 18, 19, 23, 30, 31, 32, 35, 38, 39, 40, 60, 62, 63, 65, 67, 68, 70, 71, 73, 75, 76, 77, 80, 81, 82, 83, 87, 90, 91, 92, 95, 96, 97, 98, 101, 102, 104, 105]
2023-08-30 22:22:11 INFO Inner test reader-ids: [0, 6, 14, 22, 37, 61, 66, 72, 78, 85, 93, 100]
2023-08-30 22:22:11 INFO Inner fold 2
2023-08-30 22:22:11 INFO Inner train reader-ids: [0, 1, 4, 5, 6, 10, 12, 13, 14, 17, 18, 19, 22, 30, 31, 32, 37, 38, 39, 40, 60, 61, 62, 63, 66, 67, 68, 70, 72, 73, 75, 76, 78, 80, 81, 82, 85, 87, 91, 92, 93, 96, 97, 98, 100, 102, 104, 105]
2023-08-30 22:22:11 INFO Inner test reader-ids: [2, 7, 16, 23, 35, 65, 71, 77, 83, 90, 95, 101]
2023-08-30 22:22:11 INFO Inner fold 3
2023-08-30 22:22:11 INFO Inner train reader-ids: [0, 1, 2, 4, 6, 7, 12, 13, 14, 16, 18, 19, 22, 23, 31, 32, 35, 37, 39, 40, 61, 62, 63, 65, 66, 68, 70, 71, 72, 75, 76, 77, 78, 81, 82, 83, 85, 90, 91, 92, 93, 95, 97, 98, 100, 101, 104, 105]
2023-08-30 22:22:11 INFO Inner test reader-ids: [5, 10, 17, 30, 38, 60, 67, 73, 80, 87, 96, 102]
2023-08-30 22:22:11 INFO Inner fold 4
2023-08-30 22:22:11 INFO Inner train reader-ids: [0, 1, 2, 5, 6, 7, 10, 13, 14, 16, 17, 19, 22, 23, 30, 32, 35, 37, 38, 40, 60, 61, 63, 65, 66, 67, 70, 71, 72, 73, 76, 77, 78, 80, 82, 83, 85, 87, 90, 92, 93, 95, 96, 98, 100, 101, 102, 105]
2023-08-30 22:22:11 INFO Inner test reader-ids: [4, 12, 18, 31, 39, 62, 68, 75, 81, 91, 97, 104]
2023-08-30 22:22:11 INFO Inner fold 5
2023-08-30 22:22:11 INFO Inner train reader-ids: [0, 2, 4, 5, 6, 7, 10, 12, 14, 16, 17, 18, 22, 23, 30, 31, 35, 37, 38, 39, 60, 61, 62, 65, 66, 67, 68, 71, 72, 73, 75, 77, 78, 80, 81, 83, 85, 87, 90, 91, 93, 95, 96, 97, 100, 101, 102, 104]
2023-08-30 22:22:11 INFO Inner test reader-ids: [1, 13, 19, 32, 40, 63, 70, 76, 82, 92, 98, 105]
2023-08-31 07:17:16 INFO Best score on outer fold 4: 0.5076860119047619
2023-08-31 07:17:16 INFO Best parameters on fold 4: {'criterion': 'gini', 'max_depth': 32, 'max_features': 'log2', 'n_estimators': 50, 'n_jobs': -1, 'random_state': 21}
2023-08-31 07:17:16 INFO CV results on outer fold 4 for best model {'criterion': 'gini', 'max_depth': 32, 'max_features': 'log2', 'n_estimators': 50, 'n_jobs': -1, 'random_state': 21}
2023-08-31 07:17:24 INFO Best parameters 4: {'criterion': 'gini', 'max_depth': 32, 'max_features': None, 'n_estimators': 700, 'n_jobs': -1, 'random_state': 21}
2023-08-31 07:17:24 INFO Test AUC-ROC on fold 4 with best hparams: 0.5138888888888888
2023-08-31 07:17:24 INFO Outer fold 5
2023-08-31 07:17:24 INFO Outer train reader-ids: [0, 1, 2, 3, 5, 6, 7, 8, 12, 13, 14, 15, 17, 18, 19, 20, 30, 31, 32, 34, 35, 36, 37, 38, 40, 41, 60, 61, 63, 64, 65, 67, 68, 69, 70, 71, 73, 74, 75, 76, 78, 79, 80, 81, 83, 84, 85, 87, 91, 92, 93, 94, 96, 97, 98, 99, 101, 102, 103, 104]
2023-08-31 07:17:24 INFO Outer test reader-ids: [4, 10, 16, 22, 23, 39, 62, 66, 72, 77, 82, 90, 95, 100, 105]
2023-08-31 07:17:24 INFO Inner fold 1
2023-08-31 07:17:24 INFO Inner train reader-ids: [1, 2, 3, 5, 7, 8, 12, 13, 15, 17, 18, 19, 30, 31, 32, 34, 36, 37, 38, 40, 60, 61, 63, 64, 67, 68, 69, 70, 73, 74, 75, 76, 79, 80, 81, 83, 85, 87, 91, 92, 94, 96, 97, 98, 101, 102, 103, 104]
2023-08-31 07:17:24 INFO Inner test reader-ids: [0, 6, 14, 20, 35, 41, 65, 71, 78, 84, 93, 99]
2023-08-31 07:17:24 INFO Inner fold 2
2023-08-31 07:17:24 INFO Inner train reader-ids: [0, 1, 3, 5, 6, 8, 12, 13, 14, 17, 18, 19, 20, 31, 32, 34, 35, 37, 38, 40, 41, 60, 63, 64, 65, 68, 69, 70, 71, 74, 75, 76, 78, 80, 81, 83, 84, 87, 91, 92, 93, 96, 97, 98, 99, 102, 103, 104]
2023-08-31 07:17:24 INFO Inner test reader-ids: [2, 7, 15, 30, 36, 61, 67, 73, 79, 85, 94, 101]
2023-08-31 07:17:24 INFO Inner fold 3
2023-08-31 07:17:24 INFO Inner train reader-ids: [0, 1, 2, 3, 6, 7, 12, 13, 14, 15, 18, 19, 20, 30, 32, 34, 35, 36, 38, 40, 41, 61, 63, 64, 65, 67, 69, 70, 71, 73, 75, 76, 78, 79, 81, 83, 84, 85, 91, 92, 93, 94, 97, 98, 99, 101, 103, 104]
2023-08-31 07:17:24 INFO Inner test reader-ids: [5, 8, 17, 31, 37, 60, 68, 74, 80, 87, 96, 102]
2023-08-31 07:17:24 INFO Inner fold 4
2023-08-31 07:17:24 INFO Inner train reader-ids: [0, 1, 2, 5, 6, 7, 8, 13, 14, 15, 17, 19, 20, 30, 31, 34, 35, 36, 37, 40, 41, 60, 61, 64, 65, 67, 68, 70, 71, 73, 74, 76, 78, 79, 80, 83, 84, 85, 87, 92, 93, 94, 96, 98, 99, 101, 102, 104]
2023-08-31 07:17:24 INFO Inner test reader-ids: [3, 12, 18, 32, 38, 63, 69, 75, 81, 91, 97, 103]
2023-08-31 07:17:24 INFO Inner fold 5
2023-08-31 07:17:24 INFO Inner train reader-ids: [0, 2, 3, 5, 6, 7, 8, 12, 14, 15, 17, 18, 20, 30, 31, 32, 35, 36, 37, 38, 41, 60, 61, 63, 65, 67, 68, 69, 71, 73, 74, 75, 78, 79, 80, 81, 84, 85, 87, 91, 93, 94, 96, 97, 99, 101, 102, 103]
2023-08-31 07:17:24 INFO Inner test reader-ids: [1, 13, 19, 34, 40, 64, 70, 76, 83, 92, 98, 104]
2023-08-31 09:31:25 INFO Best score on outer fold 5: 0.6599751984126984
2023-08-31 09:31:25 INFO Best parameters on fold 5: {'criterion': 'gini', 'max_depth': 2, 'max_features': None, 'n_estimators': 500, 'n_jobs': -1, 'random_state': 21}
2023-08-31 09:31:25 INFO CV results on outer fold 5 for best model {'criterion': 'gini', 'max_depth': 2, 'max_features': None, 'n_estimators': 500, 'n_jobs': -1, 'random_state': 21}
2023-08-31 09:31:25 INFO New best score!
2023-08-31 09:31:27 INFO Best parameters 5: {'criterion': 'gini', 'max_depth': 2, 'max_features': None, 'n_estimators': 500, 'n_jobs': -1, 'random_state': 21}
2023-08-31 09:31:27 INFO Test AUC-ROC on fold 5 with best hparams: 0.3680555555555556
2023-08-31 09:31:27 INFO Final AUC-ROC score (mean over 5 folds): 50.94
